<?xml version="1.0" encoding="UTF-8"?>
<!-- Generated by org.testng.reporters.JUnitXMLReporter -->
<testsuite hostname="Makkuzz" ignored="0" name="Verify Title" tests="1" failures="1" timestamp="2020-03-20T15:56:35 IST" time="11.27" errors="0">
  <testcase name="title" time="0.049" classname="Tests.Verify_Title">
    <failure type="java.lang.AssertionError" message="expected [FEATURED12 COURSES] but found [FEATURED COURSES]">
      <![CDATA[java.lang.AssertionError: expected [FEATURED12 COURSES] but found [FEATURED COURSES]
at Tests.Verify_Title.title(Verify_Title.java:37)
at java.util.ArrayList.forEach(ArrayList.java:1257)
... Removed 36 stack frames]]>
    </failure>
  </testcase> <!-- title -->
</testsuite> <!-- Verify Title -->
